[2023-07-19 16:56:55,240] INFO [org.hibernate.Version: 44] HHH000412: Hibernate ORM core version 5.5.6.Final
[2023-07-19 16:56:55,427] INFO [Hibernate Types: 283] This framework is proudly powered by:

>>>>>>>>>>>>>>>>>>>>>>>>>>>>>>>>>>>>>>>>>>>>>>>>>>>>>>>>>>>>>>>>
 _    _                           _     _
| |  | |                         (_)   | |
| |__| |_   _ _ __   ___ _ __ ___ _ ___| |_ ___ _ __   ___ ___
|  __  | | | | '_ \ / _ \ '__/ __| / __| __/ _ \ '_ \ / __/ _ \
| |  | | |_| | |_) |  __/ |  \__ \ \__ \ ||  __/ | | | (_|  __/
|_|  |_|\__, | .__/ \___|_|  |___/_|___/\__\___|_| |_|\___\___|
         __/ | |
        |___/|_|

At Hypersistence, we only build amazing tools, like Hibernate Types, Flexy Pool, or Hypersistence Optimizer.

What if there were a tool that could automatically detect JPA and Hibernate performance issues?

Hypersistence Optimizer is that tool! For more details, go to: 

https://vladmihalcea.com/hypersistence-optimizer/
<<<<<<<<<<<<<<<<<<<<<<<<<<<<<<<<<<<<<<<<<<<<<<<<<<<<<<<<<<<<<<<<

[2023-07-19 16:56:55,806] INFO [org.hibernate.annotations.common.Version: 56] HCANN000001: Hibernate Commons Annotations {5.1.2.Final}
[2023-07-19 16:56:55,963] WARN [org.hibernate.orm.connections.pooling: 72] HHH10001002: Using Hibernate built-in connection pool (not for production use!)
[2023-07-19 16:56:55,968] INFO [org.hibernate.orm.connections.pooling: 115] HHH10001005: using driver [org.postgresql.Driver] at URL [jdbc:postgresql://localhost:5433/postgres]
[2023-07-19 16:56:55,968] INFO [org.hibernate.orm.connections.pooling: 124] HHH10001001: Connection properties: {password=****, user=postgres}
[2023-07-19 16:56:55,968] INFO [org.hibernate.orm.connections.pooling: 129] HHH10001003: Autocommit mode: false
[2023-07-19 16:56:55,971] INFO [org.hibernate.engine.jdbc.connections.internal.DriverManagerConnectionProviderImpl: 274] HHH000115: Hibernate connection pool size: 20 (min=1)
[2023-07-19 16:56:56,162] INFO [org.hibernate.dialect.Dialect: 175] HHH000400: Using dialect: org.hibernate.dialect.PostgreSQLDialect
[2023-07-19 16:56:56,729] INFO [org.hibernate.engine.transaction.jta.platform.internal.JtaPlatformInitiator: 52] HHH000490: Using JtaPlatform implementation: [org.hibernate.engine.transaction.jta.platform.internal.NoJtaPlatform]
[2023-07-19 16:56:56,810] INFO [org.hibernate.orm.connections.pooling: 502] HHH10001008: Cleaning up connection pool [jdbc:postgresql://localhost:5433/postgres]
